Base path: /Applications/Unity/Hub/Editor/2018.3.0f2/Unity.app/Contents
Cmd: initializeCompiler
Cmd: translateComputeKernel
  api=14 insize=2129 outsize=3885 ok=1
Cmd: compileComputeKernel
  api=14 insize=1176 outsize=1433 ok=1
Cmd: translateComputeKernel
  api=14 insize=1469 outsize=1585 ok=1
Cmd: translateComputeKernel
  api=14 insize=48849 outsize=85905 ok=1
Cmd: compileComputeKernel
  api=14 insize=10881 outsize=10709 ok=1
Cmd: translateComputeKernel
  api=14 insize=10553 outsize=18421 ok=1
Cmd: compileComputeKernel
  api=14 insize=4855 outsize=5141 ok=1
Cmd: translateComputeKernel
  api=14 insize=11249 outsize=18585 ok=1
Cmd: translateComputeKernel
  api=14 insize=3265 outsize=5361 ok=1
Cmd: compileComputeKernel
  api=14 insize=18299 outsize=9397 ok=1
Cmd: compileComputeKernel
  api=14 insize=18299 outsize=11321 ok=1
Cmd: translateComputeKernel
  api=14 insize=9533 outsize=16349 ok=1
Cmd: translateComputeKernel
  api=14 insize=9405 outsize=16205 ok=1
Cmd: translateComputeKernel
  api=14 insize=11489 outsize=24921 ok=1
Cmd: compileComputeKernel
  api=14 insize=5435 outsize=7001 ok=1
Cmd: translateComputeKernel
  api=14 insize=7001 outsize=13513 ok=1
Cmd: translateComputeKernel
  api=14 insize=853 outsize=785 ok=1
Cmd: compileComputeKernel
  api=14 insize=1806 outsize=1145 ok=1
Cmd: translateComputeKernel
  api=14 insize=2001 outsize=3541 ok=1
Cmd: translateComputeKernel
  api=14 insize=1193 outsize=1313 ok=1
Cmd: compileComputeKernel
  api=14 insize=2044 outsize=1505 ok=1
Cmd: translateComputeKernel
  api=14 insize=1505 outsize=2277 ok=1
Cmd: initializeCompiler
Cmd: initializeCompiler
Cmd: initializeCompiler
Cmd: initializeCompiler
Cmd: initializeCompiler
Cmd: initializeCompiler
Cmd: initializeCompiler
Cmd: initializeCompiler
Cmd: initializeCompiler
Cmd: initializeCompiler
Cmd: initializeCompiler
Cmd: initializeCompiler
Cmd: initializeCompiler
Cmd: initializeCompiler
Cmd: initializeCompiler
Cmd: initializeCompiler
Cmd: initializeCompiler
Cmd: initializeCompiler
Cmd: initializeCompiler
Cmd: initializeCompiler
Cmd: initializeCompiler
Cmd: initializeCompiler
Cmd: initializeCompiler
Cmd: initializeCompiler
Cmd: initializeCompiler
Cmd: initializeCompiler
Cmd: initializeCompiler
Cmd: initializeCompiler

Quitting shader compiler process
